In file included from [01m[K/home/dt/HRIPapers/BehaviorTreeWork/src/planning/src/BT_pnp.cpp:2[m[K:
[01m[K/home/dt/HRIPapers/BehaviorTreeWork/src/planning/include/aruco.h:[m[K In constructor â€˜[01m[Kcallback::aruco_class::aruco_class()[m[Kâ€™:
[01m[K/home/dt/HRIPapers/BehaviorTreeWork/src/planning/include/aruco.h:18:23:[m[K [01;31m[Kerror: [m[Kâ€˜[01m[Kargc[m[Kâ€™ was not declared in this scope
   18 |             ros::init([01;31m[Kargc[m[K, argv,"custom_interfacing");
      |                       [01;31m[K^~~~[m[K
[01m[K/home/dt/HRIPapers/BehaviorTreeWork/src/planning/include/aruco.h:18:29:[m[K [01;31m[Kerror: [m[Kâ€˜[01m[Kargv[m[Kâ€™ was not declared in this scope
   18 |             ros::init(argc, [01;31m[Kargv[m[K,"custom_interfacing");
      |                             [01;31m[K^~~~[m[K
[01m[K/home/dt/HRIPapers/BehaviorTreeWork/src/planning/include/aruco.h:21:17:[m[K [01;31m[Kerror: [m[Kâ€˜[01m[Karuco_array[m[Kâ€™ was not declared in this scope
   21 |                 [01;31m[Karuco_array[m[K = ros::topic::waitForMessage<aruco_msgs::MarkerArray>("/aruco_topic");
      |                 [01;31m[K^~~~~~~~~~~[m[K
[01m[K/home/dt/HRIPapers/BehaviorTreeWork/src/planning/src/BT_pnp.cpp:[m[K In member function â€˜[01m[KBT::NodeStatus Actions::Pick(my_planning::MyPlanningClass*)[m[Kâ€™:
[01m[K/home/dt/HRIPapers/BehaviorTreeWork/src/planning/src/BT_pnp.cpp:21:9:[m[K [01;35m[Kwarning: [m[Kno return statement in function returning non-void [[01;35m[K-Wreturn-type[m[K]
   21 |         [01;35m[K}[m[K
      |         [01;35m[K^[m[K
[01m[K/home/dt/HRIPapers/BehaviorTreeWork/src/planning/src/BT_pnp.cpp:[m[K In member function â€˜[01m[KBT::NodeStatus Actions::gotoGoal(geometry_msgs::Pose&, my_planning::MyPlanningClass*)[m[Kâ€™:
[01m[K/home/dt/HRIPapers/BehaviorTreeWork/src/planning/src/BT_pnp.cpp:24:9:[m[K [01;35m[Kwarning: [m[Kno return statement in function returning non-void [[01;35m[K-Wreturn-type[m[K]
   24 |         [01;35m[K}[m[K
      |         [01;35m[K^[m[K
[01m[K/home/dt/HRIPapers/BehaviorTreeWork/src/planning/src/BT_pnp.cpp:[m[K In member function â€˜[01m[KBT::NodeStatus Actions::Place(my_planning::MyPlanningClass*)[m[Kâ€™:
[01m[K/home/dt/HRIPapers/BehaviorTreeWork/src/planning/src/BT_pnp.cpp:28:9:[m[K [01;35m[Kwarning: [m[Kno return statement in function returning non-void [[01;35m[K-Wreturn-type[m[K]
   28 |         [01;35m[K}[m[K
      |         [01;35m[K^[m[K
[01m[K/home/dt/HRIPapers/BehaviorTreeWork/src/planning/src/BT_pnp.cpp:[m[K In member function â€˜[01m[KBT::NodeStatus Actions::DetectArucoMarkers()[m[Kâ€™:
[01m[K/home/dt/HRIPapers/BehaviorTreeWork/src/planning/src/BT_pnp.cpp:32:41:[m[K [01;31m[Kerror: [m[Kâ€˜[01m[Kclass callback::aruco_class[m[Kâ€™ has no member named â€˜[01m[Karuco_array[m[Kâ€™
   32 |             for(int i = 0; i < myArucos.[01;31m[Karuco_array[m[K.markers.size(); i++){
      |                                         [01;31m[K^~~~~~~~~~~[m[K
[01m[K/home/dt/HRIPapers/BehaviorTreeWork/src/planning/src/BT_pnp.cpp:33:47:[m[K [01;31m[Kerror: [m[Kâ€˜[01m[Kclass callback::aruco_class[m[Kâ€™ has no member named â€˜[01m[Karuco_array[m[Kâ€™
   33 |                 ArucoPoses.push_back(myArucos.[01;31m[Karuco_array[m[K.markers[i].pose);
      |                                               [01;31m[K^~~~~~~~~~~[m[K
[01m[K/home/dt/HRIPapers/BehaviorTreeWork/src/planning/src/BT_pnp.cpp:34:48:[m[K [01;31m[Kerror: [m[Kâ€˜[01m[Kclass callback::aruco_class[m[Kâ€™ has no member named â€˜[01m[Karuco_array[m[Kâ€™
   34 |                 Arucolabels.push_back(myArucos.[01;31m[Karuco_array[m[K.markers[i].id);
      |                                                [01;31m[K^~~~~~~~~~~[m[K
[01m[K/home/dt/HRIPapers/BehaviorTreeWork/src/planning/src/BT_pnp.cpp:36:9:[m[K [01;35m[Kwarning: [m[Kno return statement in function returning non-void [[01;35m[K-Wreturn-type[m[K]
   36 |         [01;35m[K}[m[K
      |         [01;35m[K^[m[K
make[2]: *** [CMakeFiles/run.dir/build.make:63: CMakeFiles/run.dir/src/BT_pnp.cpp.o] Error 1
make[1]: *** [CMakeFiles/Makefile2:1613: CMakeFiles/run.dir/all] Error 2
make: *** [Makefile:141: all] Error 2
