[01m[K/home/dt/HRIPapers/BehaviorTreeWork/src/planning/src/BT_pnp.cpp:48:2:[m[K [01;31m[Kerror: [m[Kexpected â€˜[01m[K;[m[Kâ€™ after class definition
   48 | }
      |  [01;31m[K^[m[K
      |  [32m[K;[m[K
[01m[K/home/dt/HRIPapers/BehaviorTreeWork/src/planning/src/BT_pnp.cpp:[m[K In constructor â€˜[01m[KPick::Pick(const string&, const BT::NodeConfiguration&, my_planning::MyPlanningClass&)[m[Kâ€™:
[01m[K/home/dt/HRIPapers/BehaviorTreeWork/src/planning/src/BT_pnp.cpp:20:58:[m[K [01;31m[Kerror: [m[Kcannot convert â€˜[01m[Kmy_planning::MyPlanningClass[m[Kâ€™ to â€˜[01m[Kmy_planning::MyPlanningClass*[m[Kâ€™ in initialization
   20 |             : BT::SyncActionNode(name, config), planBase([01;31m[Kplanning[m[K)
      |                                                          [01;31m[K^~~~~~~~[m[K
      |                                                          [01;31m[K|[m[K
      |                                                          [01;31m[Kmy_planning::MyPlanningClass[m[K
[01m[K/home/dt/HRIPapers/BehaviorTreeWork/src/planning/src/BT_pnp.cpp:[m[K In member function â€˜[01m[Kvirtual BT::NodeStatus Pick::tick()[m[Kâ€™:
[01m[K/home/dt/HRIPapers/BehaviorTreeWork/src/planning/src/BT_pnp.cpp:24:23:[m[K [01;31m[Kerror: [m[Kâ€˜[01m[Kclass my_planning::MyPlanningClass[m[Kâ€™ has no member named â€˜[01m[Kpick[m[Kâ€™; did you mean â€˜[01m[KPick[m[Kâ€™?
   24 |             planBase->[01;31m[Kpick[m[K();
      |                       [01;31m[K^~~~[m[K
      |                       [32m[KPick[m[K
[01m[K/home/dt/HRIPapers/BehaviorTreeWork/src/planning/src/BT_pnp.cpp:25:9:[m[K [01;35m[Kwarning: [m[Kno return statement in function returning non-void [[01;35m[K-Wreturn-type[m[K]
   25 |         [01;35m[K}[m[K
      |         [01;35m[K^[m[K
[01m[K/home/dt/HRIPapers/BehaviorTreeWork/src/planning/src/BT_pnp.cpp:[m[K At global scope:
[01m[K/home/dt/HRIPapers/BehaviorTreeWork/src/planning/src/BT_pnp.cpp:83:2:[m[K [01;31m[Kerror: [m[Kexpected â€˜[01m[K;[m[Kâ€™ after class definition
   83 | }
      |  [01;31m[K^[m[K
      |  [32m[K;[m[K
[01m[K/home/dt/HRIPapers/BehaviorTreeWork/src/planning/src/BT_pnp.cpp:[m[K In constructor â€˜[01m[KgotoGoal::gotoGoal(const string&, const BT::NodeConfiguration&, geometry_msgs::Pose&, my_planning::MyPlanningClass&)[m[Kâ€™:
[01m[K/home/dt/HRIPapers/BehaviorTreeWork/src/planning/src/BT_pnp.cpp:56:56:[m[K [01;31m[Kerror: [m[Kcannot convert â€˜[01m[Kgeometry_msgs::Pose[m[Kâ€™ {aka â€˜[01m[Kgeometry_msgs::Pose_<std::allocator<void> >[m[Kâ€™} to â€˜[01m[Kgeometry_msgs::Pose*[m[Kâ€™ {aka â€˜[01m[Kgeometry_msgs::Pose_<std::allocator<void> >*[m[Kâ€™} in initialization
   56 |         :   BT::SyncActionNode(name, config), goalPose([01;31m[Kpose[m[K){ }
      |                                                        [01;31m[K^~~~[m[K
      |                                                        [01;31m[K|[m[K
      |                                                        [01;31m[Kgeometry_msgs::Pose {aka geometry_msgs::Pose_<std::allocator<void> >}[m[K
[01m[K/home/dt/HRIPapers/BehaviorTreeWork/src/planning/src/BT_pnp.cpp:[m[K In member function â€˜[01m[Kvirtual BT::NodeStatus gotoGoal::tick()[m[Kâ€™:
[01m[K/home/dt/HRIPapers/BehaviorTreeWork/src/planning/src/BT_pnp.cpp:59:44:[m[K [01;31m[Kerror: [m[Kno matching function for call to â€˜[01m[Kmy_planning::MyPlanningClass::goToPoseGoal(geometry_msgs::Pose*&)[m[Kâ€™
   59 |             planBase->goToPoseGoal(goalPose[01;31m[K)[m[K;
      |                                            [01;31m[K^[m[K
In file included from [01m[K/home/dt/HRIPapers/BehaviorTreeWork/src/planning/src/BT_pnp.cpp:1[m[K:
[01m[K/home/dt/HRIPapers/BehaviorTreeWork/src/planning/include/planning.h:26:18:[m[K [01;36m[Knote: [m[Kcandidate: â€˜[01m[Kvoid my_planning::MyPlanningClass::goToPoseGoal()[m[Kâ€™
   26 |             void [01;36m[KgoToPoseGoal[m[K();
      |                  [01;36m[K^~~~~~~~~~~~[m[K
[01m[K/home/dt/HRIPapers/BehaviorTreeWork/src/planning/include/planning.h:26:18:[m[K [01;36m[Knote: [m[K  candidate expects 0 arguments, 1 provided
[01m[K/home/dt/HRIPapers/BehaviorTreeWork/src/planning/include/planning.h:27:18:[m[K [01;36m[Knote: [m[Kcandidate: â€˜[01m[Kvoid my_planning::MyPlanningClass::goToPoseGoal(geometry_msgs::Pose&)[m[Kâ€™
   27 |             void [01;36m[KgoToPoseGoal[m[K(geometry_msgs::Pose &pose);
      |                  [01;36m[K^~~~~~~~~~~~[m[K
[01m[K/home/dt/HRIPapers/BehaviorTreeWork/src/planning/include/planning.h:27:52:[m[K [01;36m[Knote: [m[K  no known conversion for argument 1 from â€˜[01m[Kgeometry_msgs::Pose*[m[Kâ€™ {aka â€˜[01m[Kgeometry_msgs::Pose_<std::allocator<void> >*[m[Kâ€™} to â€˜[01m[Kgeometry_msgs::Pose&[m[Kâ€™ {aka â€˜[01m[Kgeometry_msgs::Pose_<std::allocator<void> >&[m[Kâ€™}
   27 |             void goToPoseGoal([01;36m[Kgeometry_msgs::Pose &pose[m[K);
      |                               [01;36m[K~~~~~~~~~~~~~~~~~~~~~^~~~[m[K
[01m[K/home/dt/HRIPapers/BehaviorTreeWork/src/planning/src/BT_pnp.cpp:60:9:[m[K [01;35m[Kwarning: [m[Kno return statement in function returning non-void [[01;35m[K-Wreturn-type[m[K]
   60 |         [01;35m[K}[m[K
      |         [01;35m[K^[m[K
[01m[K/home/dt/HRIPapers/BehaviorTreeWork/src/planning/src/BT_pnp.cpp:[m[K At global scope:
[01m[K/home/dt/HRIPapers/BehaviorTreeWork/src/planning/src/BT_pnp.cpp:86:1:[m[K [01;31m[Kerror: [m[Kexpected identifier at end of input
   86 | [01;31m[Kclass[m[K
      | [01;31m[K^~~~~[m[K
[01m[K/home/dt/HRIPapers/BehaviorTreeWork/src/planning/src/BT_pnp.cpp:86:1:[m[K [01;31m[Kerror: [m[Kexpected unqualified-id at end of input
make[2]: *** [CMakeFiles/run.dir/build.make:63: CMakeFiles/run.dir/src/BT_pnp.cpp.o] Error 1
make[1]: *** [CMakeFiles/Makefile2:1585: CMakeFiles/run.dir/all] Error 2
make: *** [Makefile:141: all] Error 2
