[01m[K/home/dt/HRIPapers/BehaviorTreeWork/src/planning/src/BT_pnp.cpp:[m[K In member function â€˜[01m[Kvirtual BT::NodeStatus Pick::tick()[m[Kâ€™:
[01m[K/home/dt/HRIPapers/BehaviorTreeWork/src/planning/src/BT_pnp.cpp:29:9:[m[K [01;35m[Kwarning: [m[Kno return statement in function returning non-void [[01;35m[K-Wreturn-type[m[K]
   29 |         [01;35m[K}[m[K
      |         [01;35m[K^[m[K
[01m[K/home/dt/HRIPapers/BehaviorTreeWork/src/planning/src/BT_pnp.cpp:[m[K In member function â€˜[01m[Kvirtual BT::NodeStatus gotoGoal::tick()[m[Kâ€™:
[01m[K/home/dt/HRIPapers/BehaviorTreeWork/src/planning/src/BT_pnp.cpp:64:9:[m[K [01;35m[Kwarning: [m[Kno return statement in function returning non-void [[01;35m[K-Wreturn-type[m[K]
   64 |         [01;35m[K}[m[K
      |         [01;35m[K^[m[K
[01m[K/home/dt/HRIPapers/BehaviorTreeWork/src/planning/src/BT_pnp.cpp:[m[K In member function â€˜[01m[Kvirtual BT::NodeStatus DetectArucoPlaces::tick()[m[Kâ€™:
[01m[K/home/dt/HRIPapers/BehaviorTreeWork/src/planning/src/BT_pnp.cpp:101:75:[m[K [01;31m[Kerror: [m[Kâ€˜[01m[Kclass DetectArucoPlaces[m[Kâ€™ has no member named â€˜[01m[KDetectArucoPlacesCallback[m[Kâ€™; did you mean â€˜[01m[KDetectArucoPlaces[m[Kâ€™?
  101 |             ros::Subscriber sub = nh_.subscribe("/name_of_topic", 1,this->[01;31m[KDetectArucoPlacesCallback[m[K);
      |                                                                           [01;31m[K^~~~~~~~~~~~~~~~~~~~~~~~~[m[K
      |                                                                           [32m[KDetectArucoPlaces[m[K
[01m[K/home/dt/HRIPapers/BehaviorTreeWork/src/planning/src/BT_pnp.cpp:102:9:[m[K [01;35m[Kwarning: [m[Kno return statement in function returning non-void [[01;35m[K-Wreturn-type[m[K]
  102 |         [01;35m[K}[m[K
      |         [01;35m[K^[m[K
make[2]: *** [CMakeFiles/run.dir/build.make:63: CMakeFiles/run.dir/src/BT_pnp.cpp.o] Error 1
make[1]: *** [CMakeFiles/Makefile2:1613: CMakeFiles/run.dir/all] Error 2
make: *** [Makefile:141: all] Error 2
