In file included from [01m[K/home/dt/HRIPapers/BehaviorTreeWork/src/planning/src/BT_pnp.cpp:2[m[K:
[01m[K/home/dt/HRIPapers/BehaviorTreeWork/src/planning/include/aruco.h:[m[K In member function â€˜[01m[Kvoid callback::aruco_class::DetectArucoPlacesCallback(aruco_msgs::MarkerArray_<std::allocator<void> >::Ptr)[m[Kâ€™:
[01m[K/home/dt/HRIPapers/BehaviorTreeWork/src/planning/include/aruco.h:10:17:[m[K [01;31m[Kerror: [m[Kâ€˜[01m[KPoses[m[Kâ€™ was not declared in this scope
   10 |                 [01;31m[KPoses[m[K.push_back(msg->markers[i].pose);
      |                 [01;31m[K^~~~~[m[K
[01m[K/home/dt/HRIPapers/BehaviorTreeWork/src/planning/include/aruco.h:11:17:[m[K [01;31m[Kerror: [m[Kâ€˜[01m[Klabels[m[Kâ€™ was not declared in this scope; did you mean â€˜[01m[Klabs[m[Kâ€™?
   11 |                 [01;31m[Klabels[m[K.push_back(msg->markers[i].id);
      |                 [01;31m[K^~~~~~[m[K
      |                 [32m[Klabs[m[K
[01m[K/home/dt/HRIPapers/BehaviorTreeWork/src/planning/include/aruco.h:[m[K In constructor â€˜[01m[Kcallback::aruco_class::aruco_class()[m[Kâ€™:
[01m[K/home/dt/HRIPapers/BehaviorTreeWork/src/planning/include/aruco.h:16:23:[m[K [01;31m[Kerror: [m[Kâ€˜[01m[Kargc[m[Kâ€™ was not declared in this scope
   16 |             ros::init([01;31m[Kargc[m[K, argv,"custom_interfacing");
      |                       [01;31m[K^~~~[m[K
[01m[K/home/dt/HRIPapers/BehaviorTreeWork/src/planning/include/aruco.h:16:29:[m[K [01;31m[Kerror: [m[Kâ€˜[01m[Kargv[m[Kâ€™ was not declared in this scope
   16 |             ros::init(argc, [01;31m[Kargv[m[K,"custom_interfacing");
      |                             [01;31m[K^~~~[m[K
[01m[K/home/dt/HRIPapers/BehaviorTreeWork/src/planning/include/aruco.h:19:97:[m[K [01;31m[Kerror: [m[Kno match for â€˜[01m[Koperator=[m[Kâ€™ (operand types are â€˜[01m[Karuco_msgs::MarkerArray[m[Kâ€™ {aka â€˜[01m[Karuco_msgs::MarkerArray_<std::allocator<void> >[m[Kâ€™} and â€˜[01m[Kboost::shared_ptr<const aruco_msgs::MarkerArray_<std::allocator<void> > >[m[Kâ€™)
   19 |                 aruco_array = ros::topic::waitForMessage<aruco_msgs::MarkerArray>("/aruco_topic"[01;31m[K)[m[K;
      |                                                                                                 [01;31m[K^[m[K
In file included from [01m[K/home/dt/HRIPapers/BehaviorTreeWork/src/planning/include/aruco.h:1[m[K,
                 from [01m[K/home/dt/HRIPapers/BehaviorTreeWork/src/planning/src/BT_pnp.cpp:2[m[K:
[01m[K/opt/ros/noetic/include/aruco_msgs/MarkerArray.h:24:8:[m[K [01;36m[Knote: [m[Kcandidate: â€˜[01m[Karuco_msgs::MarkerArray_<std::allocator<void> >& aruco_msgs::MarkerArray_<std::allocator<void> >::operator=(const aruco_msgs::MarkerArray_<std::allocator<void> >&)[m[Kâ€™
   24 | struct [01;36m[KMarkerArray_[m[K
      |        [01;36m[K^~~~~~~~~~~~[m[K
[01m[K/opt/ros/noetic/include/aruco_msgs/MarkerArray.h:24:8:[m[K [01;36m[Knote: [m[K  no known conversion for argument 1 from â€˜[01m[Kboost::shared_ptr<const aruco_msgs::MarkerArray_<std::allocator<void> > >[m[Kâ€™ to â€˜[01m[Kconst aruco_msgs::MarkerArray_<std::allocator<void> >&[m[Kâ€™
[01m[K/opt/ros/noetic/include/aruco_msgs/MarkerArray.h:24:8:[m[K [01;36m[Knote: [m[Kcandidate: â€˜[01m[Karuco_msgs::MarkerArray_<std::allocator<void> >& aruco_msgs::MarkerArray_<std::allocator<void> >::operator=(aruco_msgs::MarkerArray_<std::allocator<void> >&&)[m[Kâ€™
[01m[K/opt/ros/noetic/include/aruco_msgs/MarkerArray.h:24:8:[m[K [01;36m[Knote: [m[K  no known conversion for argument 1 from â€˜[01m[Kboost::shared_ptr<const aruco_msgs::MarkerArray_<std::allocator<void> > >[m[Kâ€™ to â€˜[01m[Karuco_msgs::MarkerArray_<std::allocator<void> >&&[m[Kâ€™
[01m[K/home/dt/HRIPapers/BehaviorTreeWork/src/planning/src/BT_pnp.cpp:[m[K At global scope:
[01m[K/home/dt/HRIPapers/BehaviorTreeWork/src/planning/src/BT_pnp.cpp:19:67:[m[K [01;31m[Kerror: [m[Kreturn type specification for constructor invalid
   19 |         BT::NodeStatus Pick(my_planning::MyPlanningClass* planBase[01;31m[K)[m[K{
      |                                                                   [01;31m[K^[m[K
[01m[K/home/dt/HRIPapers/BehaviorTreeWork/src/planning/src/BT_pnp.cpp:[m[K In constructor â€˜[01m[KPick::Pick(my_planning::MyPlanningClass*)[m[Kâ€™:
[01m[K/home/dt/HRIPapers/BehaviorTreeWork/src/planning/src/BT_pnp.cpp:19:68:[m[K [01;31m[Kerror: [m[Kno matching function for call to â€˜[01m[KBT::SyncActionNode::SyncActionNode()[m[Kâ€™
   19 |         BT::NodeStatus Pick(my_planning::MyPlanningClass* planBase)[01;31m[K{[m[K
      |                                                                    [01;31m[K^[m[K
In file included from [01m[K/opt/ros/noetic/include/behaviortree_cpp_v3/behavior_tree.h:28[m[K,
                 from [01m[K/home/dt/HRIPapers/BehaviorTreeWork/src/planning/src/BT_pnp.cpp:8[m[K:
[01m[K/opt/ros/noetic/include/behaviortree_cpp_v3/action_node.h:55:3:[m[K [01;36m[Knote: [m[Kcandidate: â€˜[01m[KBT::SyncActionNode::SyncActionNode(const string&, const BT::NodeConfiguration&)[m[Kâ€™
   55 |   [01;36m[KSyncActionNode[m[K(const std::string& name, const NodeConfiguration& config);
      |   [01;36m[K^~~~~~~~~~~~~~[m[K
[01m[K/opt/ros/noetic/include/behaviortree_cpp_v3/action_node.h:55:3:[m[K [01;36m[Knote: [m[K  candidate expects 2 arguments, 0 provided
[01m[K/home/dt/HRIPapers/BehaviorTreeWork/src/planning/src/BT_pnp.cpp:[m[K In member function â€˜[01m[KBT::NodeStatus Pick::gotoGoal(geometry_msgs::Pose&, my_planning::MyPlanningClass*)[m[Kâ€™:
[01m[K/home/dt/HRIPapers/BehaviorTreeWork/src/planning/src/BT_pnp.cpp:24:9:[m[K [01;35m[Kwarning: [m[Kno return statement in function returning non-void [[01;35m[K-Wreturn-type[m[K]
   24 |         [01;35m[K}[m[K
      |         [01;35m[K^[m[K
[01m[K/home/dt/HRIPapers/BehaviorTreeWork/src/planning/src/BT_pnp.cpp:[m[K In member function â€˜[01m[KBT::NodeStatus Pick::Place(my_planning::MyPlanningClass*)[m[Kâ€™:
[01m[K/home/dt/HRIPapers/BehaviorTreeWork/src/planning/src/BT_pnp.cpp:28:9:[m[K [01;35m[Kwarning: [m[Kno return statement in function returning non-void [[01;35m[K-Wreturn-type[m[K]
   28 |         [01;35m[K}[m[K
      |         [01;35m[K^[m[K
[01m[K/home/dt/HRIPapers/BehaviorTreeWork/src/planning/src/BT_pnp.cpp:[m[K In member function â€˜[01m[KBT::NodeStatus Pick::DetectArucoMarkers()[m[Kâ€™:
[01m[K/home/dt/HRIPapers/BehaviorTreeWork/src/planning/src/BT_pnp.cpp:36:9:[m[K [01;35m[Kwarning: [m[Kno return statement in function returning non-void [[01;35m[K-Wreturn-type[m[K]
   36 |         [01;35m[K}[m[K
      |         [01;35m[K^[m[K
make[2]: *** [CMakeFiles/run.dir/build.make:63: CMakeFiles/run.dir/src/BT_pnp.cpp.o] Error 1
make[1]: *** [CMakeFiles/Makefile2:1613: CMakeFiles/run.dir/all] Error 2
make: *** [Makefile:141: all] Error 2
