[ 50%] Built target planning
[35m[1mScanning dependencies of target run[0m
[ 75%] [32mBuilding CXX object CMakeFiles/run.dir/src/BT_pnp.cpp.o[0m
[01m[K/home/dt/HRIPapers/BehaviorTreeWork/src/planning/src/BT_pnp.cpp:[m[K In member function â€˜[01m[Kvirtual BT::NodeStatus Pick::tick()[m[Kâ€™:
[01m[K/home/dt/HRIPapers/BehaviorTreeWork/src/planning/src/BT_pnp.cpp:25:9:[m[K [01;35m[Kwarning: [m[Kno return statement in function returning non-void [[01;35m[K-Wreturn-type[m[K]
   25 |         [01;35m[K}[m[K
      |         [01;35m[K^[m[K
[01m[K/home/dt/HRIPapers/BehaviorTreeWork/src/planning/src/BT_pnp.cpp:[m[K In member function â€˜[01m[Kvirtual BT::NodeStatus gotoGoal::tick()[m[Kâ€™:
[01m[K/home/dt/HRIPapers/BehaviorTreeWork/src/planning/src/BT_pnp.cpp:60:9:[m[K [01;35m[Kwarning: [m[Kno return statement in function returning non-void [[01;35m[K-Wreturn-type[m[K]
   60 |         [01;35m[K}[m[K
      |         [01;35m[K^[m[K
[100%] [32m[1mLinking CXX executable /home/dt/HRIPapers/BehaviorTreeWork/devel/.private/planning/lib/planning/run[0m
/usr/bin/ld: /usr/lib/gcc/x86_64-linux-gnu/9/../../../x86_64-linux-gnu/Scrt1.o: in function `_start':
(.text+0x24): undefined reference to `main'
collect2: error: ld returned 1 exit status
make[2]: *** [CMakeFiles/run.dir/build.make:191: /home/dt/HRIPapers/BehaviorTreeWork/devel/.private/planning/lib/planning/run] Error 1
make[1]: *** [CMakeFiles/Makefile2:1585: CMakeFiles/run.dir/all] Error 2
make: *** [Makefile:141: all] Error 2
