[ 50%] Built target planning
[35m[1mScanning dependencies of target run[0m
[ 75%] [32mBuilding CXX object CMakeFiles/run.dir/src/BT_pnp.cpp.o[0m
In file included from [01m[K/home/dt/HRIPapers/BehaviorTreeWork/src/planning/src/BT_pnp.cpp:2[m[K:
[01m[K/home/dt/HRIPapers/BehaviorTreeWork/src/planning/include/aruco.h:[m[K In function â€˜[01m[Kvoid DetectArucoPlacesCallback(aruco_msgs::MarkerArray)[m[Kâ€™:
[01m[K/home/dt/HRIPapers/BehaviorTreeWork/src/planning/include/aruco.h:4:5:[m[K [01;31m[Kerror: [m[Kâ€˜[01m[Karuco_array[m[Kâ€™ was not declared in this scope
    4 |     [01;31m[Karuco_array[m[K = msg;
      |     [01;31m[K^~~~~~~~~~~[m[K
[01m[K/home/dt/HRIPapers/BehaviorTreeWork/src/planning/include/aruco.h:[m[K In constructor â€˜[01m[Kcallback::aruco_class::aruco_class()[m[Kâ€™:
[01m[K/home/dt/HRIPapers/BehaviorTreeWork/src/planning/include/aruco.h:22:79:[m[K [01;31m[Kerror: [m[Kâ€˜[01m[Kclass callback::aruco_class[m[Kâ€™ has no member named â€˜[01m[KDetectArucoPlacesCallback[m[Kâ€™
   22 |             ros::Subscriber subscriber = nh_.subscribe("/aruco_topic",1,this->[01;31m[KDetectArucoPlacesCallback[m[K);
      |                                                                               [01;31m[K^~~~~~~~~~~~~~~~~~~~~~~~~[m[K
[01m[K/home/dt/HRIPapers/BehaviorTreeWork/src/planning/src/BT_pnp.cpp:[m[K In member function â€˜[01m[KBT::NodeStatus Actions::Pick(my_planning::MyPlanningClass*)[m[Kâ€™:
[01m[K/home/dt/HRIPapers/BehaviorTreeWork/src/planning/src/BT_pnp.cpp:21:9:[m[K [01;35m[Kwarning: [m[Kno return statement in function returning non-void [[01;35m[K-Wreturn-type[m[K]
   21 |         [01;35m[K}[m[K
      |         [01;35m[K^[m[K
[01m[K/home/dt/HRIPapers/BehaviorTreeWork/src/planning/src/BT_pnp.cpp:[m[K In member function â€˜[01m[KBT::NodeStatus Actions::gotoGoal(geometry_msgs::Pose&, my_planning::MyPlanningClass*)[m[Kâ€™:
[01m[K/home/dt/HRIPapers/BehaviorTreeWork/src/planning/src/BT_pnp.cpp:24:9:[m[K [01;35m[Kwarning: [m[Kno return statement in function returning non-void [[01;35m[K-Wreturn-type[m[K]
   24 |         [01;35m[K}[m[K
      |         [01;35m[K^[m[K
[01m[K/home/dt/HRIPapers/BehaviorTreeWork/src/planning/src/BT_pnp.cpp:[m[K In member function â€˜[01m[KBT::NodeStatus Actions::Place(my_planning::MyPlanningClass*)[m[Kâ€™:
[01m[K/home/dt/HRIPapers/BehaviorTreeWork/src/planning/src/BT_pnp.cpp:28:9:[m[K [01;35m[Kwarning: [m[Kno return statement in function returning non-void [[01;35m[K-Wreturn-type[m[K]
   28 |         [01;35m[K}[m[K
      |         [01;35m[K^[m[K
[01m[K/home/dt/HRIPapers/BehaviorTreeWork/src/planning/src/BT_pnp.cpp:[m[K In member function â€˜[01m[KBT::NodeStatus Actions::DetectArucoMarkers()[m[Kâ€™:
[01m[K/home/dt/HRIPapers/BehaviorTreeWork/src/planning/src/BT_pnp.cpp:36:9:[m[K [01;35m[Kwarning: [m[Kno return statement in function returning non-void [[01;35m[K-Wreturn-type[m[K]
   36 |         [01;35m[K}[m[K
      |         [01;35m[K^[m[K
make[2]: *** [CMakeFiles/run.dir/build.make:63: CMakeFiles/run.dir/src/BT_pnp.cpp.o] Error 1
make[1]: *** [CMakeFiles/Makefile2:1613: CMakeFiles/run.dir/all] Error 2
make: *** [Makefile:141: all] Error 2
