[35m[1mScanning dependencies of target planning_node[0m
[35m[1mScanning dependencies of target run[0m
[ 40%] [32mBuilding CXX object CMakeFiles/planning_node.dir/src/planning.cpp.o[0m
[ 40%] [32mBuilding CXX object CMakeFiles/run.dir/src/run.cpp.o[0m
[ 60%] [32mBuilding CXX object CMakeFiles/run.dir/src/planning.cpp.o[0m
[01m[K/home/dt/HRIPapers/BehaviorTreeWork/src/planning/src/run.cpp:[m[K In function â€˜[01m[Kint main(int, char**)[m[Kâ€™:
[01m[K/home/dt/HRIPapers/BehaviorTreeWork/src/planning/src/run.cpp:24:33:[m[K [01;35m[Kwarning: [m[Kstatement will never be executed [[01;35m[K-Wswitch-unreachable[m[K]
   24 |         [01;35m[Kmy_planning_.resetValues()[m[K;
      |         [01;35m[K~~~~~~~~~~~~~~~~~~~~~~~~^~[m[K
[100%] [32m[1mLinking CXX executable /home/dt/HRIPapers/BehaviorTreeWork/devel/.private/planning/lib/planning/run[0m
[100%] [32m[1mLinking CXX executable /home/dt/HRIPapers/BehaviorTreeWork/devel/.private/planning/lib/planning/planning_node[0m
/usr/bin/ld: /usr/lib/gcc/x86_64-linux-gnu/9/../../../x86_64-linux-gnu/Scrt1.o: in function `_start':
(.text+0x24): undefined reference to `main'
collect2: error: ld returned 1 exit status
make[2]: *** [CMakeFiles/planning_node.dir/build.make:189: /home/dt/HRIPapers/BehaviorTreeWork/devel/.private/planning/lib/planning/planning_node] Error 1
make[1]: *** [CMakeFiles/Makefile2:235: CMakeFiles/planning_node.dir/all] Error 2
make[1]: *** Waiting for unfinished jobs....
[100%] Built target run
make: *** [Makefile:141: all] Error 2
