In file included from [01m[K/home/dt/HRIPapers/BehaviorTreeWork/src/planning/src/BT_pnp.cpp:2[m[K:
[01m[K/home/dt/HRIPapers/BehaviorTreeWork/src/planning/include/aruco.h:[m[K In member function â€˜[01m[Kvoid callback::aruco_class::DetectArucoPlacesCallback(aruco_msgs::MarkerArray_<std::allocator<void> >::Ptr)[m[Kâ€™:
[01m[K/home/dt/HRIPapers/BehaviorTreeWork/src/planning/include/aruco.h:9:17:[m[K [01;31m[Kerror: [m[Kâ€˜[01m[KPoses[m[Kâ€™ was not declared in this scope
    9 |                 [01;31m[KPoses[m[K.push_back(msg->markers[i].pose);
      |                 [01;31m[K^~~~~[m[K
[01m[K/home/dt/HRIPapers/BehaviorTreeWork/src/planning/include/aruco.h:10:17:[m[K [01;31m[Kerror: [m[Kâ€˜[01m[Klabels[m[Kâ€™ was not declared in this scope; did you mean â€˜[01m[Klabs[m[Kâ€™?
   10 |                 [01;31m[Klabels[m[K.push_back(msg->markers[i].id);
      |                 [01;31m[K^~~~~~[m[K
      |                 [32m[Klabs[m[K
[01m[K/home/dt/HRIPapers/BehaviorTreeWork/src/planning/include/aruco.h:[m[K In constructor â€˜[01m[Kcallback::aruco_class::aruco_class()[m[Kâ€™:
[01m[K/home/dt/HRIPapers/BehaviorTreeWork/src/planning/include/aruco.h:15:23:[m[K [01;31m[Kerror: [m[Kâ€˜[01m[Kargc[m[Kâ€™ was not declared in this scope
   15 |             ros::init([01;31m[Kargc[m[K, argv,"custom_interfacing");
      |                       [01;31m[K^~~~[m[K
[01m[K/home/dt/HRIPapers/BehaviorTreeWork/src/planning/include/aruco.h:15:29:[m[K [01;31m[Kerror: [m[Kâ€˜[01m[Kargv[m[Kâ€™ was not declared in this scope
   15 |             ros::init(argc, [01;31m[Kargv[m[K,"custom_interfacing");
      |                             [01;31m[K^~~~[m[K
[01m[K/home/dt/HRIPapers/BehaviorTreeWork/src/planning/include/aruco.h:18:97:[m[K [01;31m[Kerror: [m[Kno match for â€˜[01m[Koperator=[m[Kâ€™ (operand types are â€˜[01m[Karuco_msgs::MarkerArray[m[Kâ€™ {aka â€˜[01m[Karuco_msgs::MarkerArray_<std::allocator<void> >[m[Kâ€™} and â€˜[01m[Kboost::shared_ptr<const aruco_msgs::MarkerArray_<std::allocator<void> > >[m[Kâ€™)
   18 |                 aruco_array = ros::topic::waitForMessage<aruco_msgs::MarkerArray>("/aruco_topic"[01;31m[K)[m[K;
      |                                                                                                 [01;31m[K^[m[K
In file included from [01m[K/home/dt/HRIPapers/BehaviorTreeWork/src/planning/include/aruco.h:1[m[K,
                 from [01m[K/home/dt/HRIPapers/BehaviorTreeWork/src/planning/src/BT_pnp.cpp:2[m[K:
[01m[K/opt/ros/noetic/include/aruco_msgs/MarkerArray.h:24:8:[m[K [01;36m[Knote: [m[Kcandidate: â€˜[01m[Karuco_msgs::MarkerArray_<std::allocator<void> >& aruco_msgs::MarkerArray_<std::allocator<void> >::operator=(const aruco_msgs::MarkerArray_<std::allocator<void> >&)[m[Kâ€™
   24 | struct [01;36m[KMarkerArray_[m[K
      |        [01;36m[K^~~~~~~~~~~~[m[K
[01m[K/opt/ros/noetic/include/aruco_msgs/MarkerArray.h:24:8:[m[K [01;36m[Knote: [m[K  no known conversion for argument 1 from â€˜[01m[Kboost::shared_ptr<const aruco_msgs::MarkerArray_<std::allocator<void> > >[m[Kâ€™ to â€˜[01m[Kconst aruco_msgs::MarkerArray_<std::allocator<void> >&[m[Kâ€™
[01m[K/opt/ros/noetic/include/aruco_msgs/MarkerArray.h:24:8:[m[K [01;36m[Knote: [m[Kcandidate: â€˜[01m[Karuco_msgs::MarkerArray_<std::allocator<void> >& aruco_msgs::MarkerArray_<std::allocator<void> >::operator=(aruco_msgs::MarkerArray_<std::allocator<void> >&&)[m[Kâ€™
[01m[K/opt/ros/noetic/include/aruco_msgs/MarkerArray.h:24:8:[m[K [01;36m[Knote: [m[K  no known conversion for argument 1 from â€˜[01m[Kboost::shared_ptr<const aruco_msgs::MarkerArray_<std::allocator<void> > >[m[Kâ€™ to â€˜[01m[Karuco_msgs::MarkerArray_<std::allocator<void> >&&[m[Kâ€™
[01m[K/home/dt/HRIPapers/BehaviorTreeWork/src/planning/src/BT_pnp.cpp:[m[K At global scope:
[01m[K/home/dt/HRIPapers/BehaviorTreeWork/src/planning/src/BT_pnp.cpp:18:67:[m[K [01;31m[Kerror: [m[Kreturn type specification for constructor invalid
   18 |         BT::NodeStatus Pick(my_planning::MyPlanningClass* planBase[01;31m[K)[m[K{
      |                                                                   [01;31m[K^[m[K
[01m[K/home/dt/HRIPapers/BehaviorTreeWork/src/planning/src/BT_pnp.cpp:[m[K In constructor â€˜[01m[KPick::Pick(my_planning::MyPlanningClass*)[m[Kâ€™:
[01m[K/home/dt/HRIPapers/BehaviorTreeWork/src/planning/src/BT_pnp.cpp:18:68:[m[K [01;31m[Kerror: [m[Kno matching function for call to â€˜[01m[KBT::SyncActionNode::SyncActionNode()[m[Kâ€™
   18 |         BT::NodeStatus Pick(my_planning::MyPlanningClass* planBase)[01;31m[K{[m[K
      |                                                                    [01;31m[K^[m[K
In file included from [01m[K/opt/ros/noetic/include/behaviortree_cpp_v3/behavior_tree.h:28[m[K,
                 from [01m[K/home/dt/HRIPapers/BehaviorTreeWork/src/planning/src/BT_pnp.cpp:8[m[K:
[01m[K/opt/ros/noetic/include/behaviortree_cpp_v3/action_node.h:55:3:[m[K [01;36m[Knote: [m[Kcandidate: â€˜[01m[KBT::SyncActionNode::SyncActionNode(const string&, const BT::NodeConfiguration&)[m[Kâ€™
   55 |   [01;36m[KSyncActionNode[m[K(const std::string& name, const NodeConfiguration& config);
      |   [01;36m[K^~~~~~~~~~~~~~[m[K
[01m[K/opt/ros/noetic/include/behaviortree_cpp_v3/action_node.h:55:3:[m[K [01;36m[Knote: [m[K  candidate expects 2 arguments, 0 provided
[01m[K/home/dt/HRIPapers/BehaviorTreeWork/src/planning/src/BT_pnp.cpp:[m[K In member function â€˜[01m[KBT::NodeStatus Pick::gotoGoal(geometry_msgs::Pose&, my_planning::MyPlanningClass*)[m[Kâ€™:
[01m[K/home/dt/HRIPapers/BehaviorTreeWork/src/planning/src/BT_pnp.cpp:22:13:[m[K [01;31m[Kerror: [m[Kâ€˜[01m[KplanBase[m[Kâ€™ was not declared in this scope
   22 |             [01;31m[KplanBase[m[K->goToPoseGoal(goalPose);
      |             [01;31m[K^~~~~~~~[m[K
[01m[K/home/dt/HRIPapers/BehaviorTreeWork/src/planning/src/BT_pnp.cpp:22:36:[m[K [01;31m[Kerror: [m[Kâ€˜[01m[KgoalPose[m[Kâ€™ was not declared in this scope
   22 |             planBase->goToPoseGoal([01;31m[KgoalPose[m[K);
      |                                    [01;31m[K^~~~~~~~[m[K
[01m[K/home/dt/HRIPapers/BehaviorTreeWork/src/planning/src/BT_pnp.cpp:23:9:[m[K [01;35m[Kwarning: [m[Kno return statement in function returning non-void [[01;35m[K-Wreturn-type[m[K]
   23 |         [01;35m[K}[m[K
      |         [01;35m[K^[m[K
[01m[K/home/dt/HRIPapers/BehaviorTreeWork/src/planning/src/BT_pnp.cpp:[m[K In member function â€˜[01m[KBT::NodeStatus Pick::Place(my_planning::MyPlanningClass*)[m[Kâ€™:
[01m[K/home/dt/HRIPapers/BehaviorTreeWork/src/planning/src/BT_pnp.cpp:27:9:[m[K [01;35m[Kwarning: [m[Kno return statement in function returning non-void [[01;35m[K-Wreturn-type[m[K]
   27 |         [01;35m[K}[m[K
      |         [01;35m[K^[m[K
[01m[K/home/dt/HRIPapers/BehaviorTreeWork/src/planning/src/BT_pnp.cpp:[m[K In member function â€˜[01m[KBT::NodeStatus Pick::DetectArucoMarkers()[m[Kâ€™:
[01m[K/home/dt/HRIPapers/BehaviorTreeWork/src/planning/src/BT_pnp.cpp:30:35:[m[K [01;31m[Kerror: [m[Kâ€˜[01m[Kcallback::aruco_class::aruco_class()[m[Kâ€™ is private within this context
   30 |             callback::aruco_class [01;31m[KmyArucos[m[K;
      |                                   [01;31m[K^~~~~~~~[m[K
In file included from [01m[K/home/dt/HRIPapers/BehaviorTreeWork/src/planning/src/BT_pnp.cpp:2[m[K:
[01m[K/home/dt/HRIPapers/BehaviorTreeWork/src/planning/include/aruco.h:14:9:[m[K [01;36m[Knote: [m[Kdeclared private here
   14 |         [01;36m[Karuco_class[m[K(){
      |         [01;36m[K^~~~~~~~~~~[m[K
[01m[K/home/dt/HRIPapers/BehaviorTreeWork/src/planning/src/BT_pnp.cpp:31:41:[m[K [01;31m[Kerror: [m[Kâ€˜[01m[Kclass callback::aruco_class[m[Kâ€™ has no member named â€˜[01m[Kmarkers[m[Kâ€™
   31 |             for(int i = 0; i < myArucos.[01;31m[Kmarkers[m[K.size(); i++){
      |                                         [01;31m[K^~~~~~~[m[K
[01m[K/home/dt/HRIPapers/BehaviorTreeWork/src/planning/src/BT_pnp.cpp:32:47:[m[K [01;31m[Kerror: [m[Kâ€˜[01m[Kclass callback::aruco_class[m[Kâ€™ has no member named â€˜[01m[Kmarkers[m[Kâ€™
   32 |                 ArucoPoses.push_back(myArucos.[01;31m[Kmarkers[m[K[i].pose);
      |                                               [01;31m[K^~~~~~~[m[K
[01m[K/home/dt/HRIPapers/BehaviorTreeWork/src/planning/src/BT_pnp.cpp:33:48:[m[K [01;31m[Kerror: [m[Kâ€˜[01m[Kclass callback::aruco_class[m[Kâ€™ has no member named â€˜[01m[Kmarkers[m[Kâ€™
   33 |                 Arucolabels.push_back(myArucos.[01;31m[Kmarkers[m[K[i].id);
      |                                                [01;31m[K^~~~~~~[m[K
[01m[K/home/dt/HRIPapers/BehaviorTreeWork/src/planning/src/BT_pnp.cpp:35:9:[m[K [01;35m[Kwarning: [m[Kno return statement in function returning non-void [[01;35m[K-Wreturn-type[m[K]
   35 |         [01;35m[K}[m[K
      |         [01;35m[K^[m[K
make[2]: *** [CMakeFiles/run.dir/build.make:63: CMakeFiles/run.dir/src/BT_pnp.cpp.o] Error 1
make[1]: *** [CMakeFiles/Makefile2:1613: CMakeFiles/run.dir/all] Error 2
make: *** [Makefile:141: all] Error 2
